2020-11-30 19:41:19 LOADED    FAD87ADFB92CBEEB0CF8265B837B76E48971BC40.meta [30.11.2020]
2020-11-30 19:42:11 CLOSED    FAD87ADFB92CBEEB0CF8265B837B76E48971BC40.meta [30.11.2020]
2020-11-30 19:42:11 CLOSED    FAD87ADFB92CBEEB0CF8265B837B76E48971BC40.meta [30.11.2020]
2020-11-30 19:42:12 LOADED    Tenet.2020.720p.HDRip.900MB.x264-GalaxyRG[TGx] [30.11.2020]
2020-11-30 20:42:37 CLOSED    Tenet.2020.720p.HDRip.900MB.x264-GalaxyRG[TGx] [30.11.2020]
2020-11-30 20:42:50 COMPLETED Tenet.2020.720p.HDRip.900MB.x264-GalaxyRG[TGx] [30.11.2020]
2020-11-30 20:45:45 CLOSED    Tenet.2020.720p.HDRip.900MB.x264-GalaxyRG[TGx] [30.11.2020]
2020-11-30 20:45:54 LOADED    6C09A38341C16B25E023D57CA11CECDFE2E30A98.meta [30.11.2020]
2020-11-30 20:46:31 CLOSED    6C09A38341C16B25E023D57CA11CECDFE2E30A98.meta [30.11.2020]
2020-11-30 20:46:31 CLOSED    6C09A38341C16B25E023D57CA11CECDFE2E30A98.meta [30.11.2020]
2020-11-30 20:46:31 LOADED    Antitrust (2001) [BluRay] [720p] [YTS.AM] [30.11.2020]
2020-11-30 21:50:17 CLOSED    Antitrust (2001) [BluRay] [720p] [YTS.AM] [30.11.2020]
2020-11-30 21:50:43 LOADED    6C09A38341C16B25E023D57CA11CECDFE2E30A98.meta [30.11.2020]
2020-11-30 22:05:46 LOADED    5A91A50D46B25F5B170E50AD3E7AB8DA969A4681.meta [30.11.2020]
2020-11-30 22:06:46 CLOSED    5A91A50D46B25F5B170E50AD3E7AB8DA969A4681.meta [30.11.2020]
2020-11-30 22:06:46 CLOSED    5A91A50D46B25F5B170E50AD3E7AB8DA969A4681.meta [30.11.2020]
2020-11-30 22:06:47 LOADED    Rick.and.Morty.S04E01.WEBRip.x264-TBS[ettv] [30.11.2020]
2020-11-30 22:40:12 CLOSED    Rick.and.Morty.S04E01.WEBRip.x264-TBS[ettv] [30.11.2020]
2020-11-30 22:40:14 COMPLETED Rick.and.Morty.S04E01.WEBRip.x264-TBS[ettv] [30.11.2020]
2020-11-30 22:50:13 CLOSED    Rick.and.Morty.S04E01.WEBRip.x264-TBS[ettv] [30.11.2020]
2020-11-30 22:50:23 LOADED    ED0AFBC184168FCDD36BBB083C9EB304672B321D.meta [30.11.2020]
2020-11-30 22:51:40 CLOSED    ED0AFBC184168FCDD36BBB083C9EB304672B321D.meta [30.11.2020]
2020-11-30 22:51:40 CLOSED    ED0AFBC184168FCDD36BBB083C9EB304672B321D.meta [30.11.2020]
2020-11-30 22:51:40 LOADED    Rick.and.Morty.S04E02.720p.WEBRip.x264-TBS[TGx] [30.11.2020]
2020-11-30 23:36:27 LOADED    0CA2260DAFADF4CE8AEBD6B53E13919079F10959.meta [30.11.2020]
2020-11-30 23:37:06 CLOSED    Rick.and.Morty.S04E02.720p.WEBRip.x264-TBS[TGx] [30.11.2020]
2020-11-30 23:37:08 CLOSED    0CA2260DAFADF4CE8AEBD6B53E13919079F10959.meta [30.11.2020]
2020-11-30 23:37:09 COMPLETED Rick.and.Morty.S04E02.720p.WEBRip.x264-TBS[TGx] [30.11.2020]
2020-11-30 23:37:14 CLOSED    0CA2260DAFADF4CE8AEBD6B53E13919079F10959.meta [30.11.2020]
2020-11-30 23:37:14 LOADED    Rick.and.Morty.S04E03.720p.WEBRip.x264-TBS[TGx] [30.11.2020]
2020-11-30 23:49:40 CLOSED    Rick.and.Morty.S04E02.720p.WEBRip.x264-TBS[TGx] [30.11.2020]
2020-12-01  0:00:04 New day: 01.12.2020
2020-12-01  0:20:02 LOADED    C4ABDB6D30B1CDAE74E1237868DC64D47DFCD714.meta [01.12.2020]
2020-12-01  0:20:39 CLOSED    C4ABDB6D30B1CDAE74E1237868DC64D47DFCD714.meta [01.12.2020]
2020-12-01  0:20:39 CLOSED    C4ABDB6D30B1CDAE74E1237868DC64D47DFCD714.meta [01.12.2020]
2020-12-01  0:20:39 LOADED    Rick.and.Morty.S04E04.Claw.and.Hoarder.Special.Ricktims.Morty.HDTV.x264-CRiMSON[TGx] [01.12.2020]
2020-12-01  0:36:31 CLOSED    Rick.and.Morty.S04E03.720p.WEBRip.x264-TBS[TGx] [01.12.2020]
2020-12-01  0:36:36 COMPLETED Rick.and.Morty.S04E03.720p.WEBRip.x264-TBS[TGx] [01.12.2020]
2020-12-01  0:37:50 CLOSED    Rick.and.Morty.S04E03.720p.WEBRip.x264-TBS[TGx] [01.12.2020]
2020-12-01  0:38:07 LOADED    3C23FB8BCB488E164BA75D185AD8CD5F863A1BE1.meta [01.12.2020]
2020-12-01  0:38:12 CLOSED    3C23FB8BCB488E164BA75D185AD8CD5F863A1BE1.meta [01.12.2020]
2020-12-01  0:38:12 CLOSED    3C23FB8BCB488E164BA75D185AD8CD5F863A1BE1.meta [01.12.2020]
2020-12-01  0:38:13 LOADED    Rick.and.Morty.S04E05.720p.WEBRip.x264-TBS[TGx] [01.12.2020]
2020-12-01  0:40:03 LOADED    5D4C063BEA443AF0DF1F07F443A22D079FB27DE5.meta [01.12.2020]
2020-12-01  0:40:13 CLOSED    5D4C063BEA443AF0DF1F07F443A22D079FB27DE5.meta [01.12.2020]
2020-12-01  0:40:13 CLOSED    5D4C063BEA443AF0DF1F07F443A22D079FB27DE5.meta [01.12.2020]
2020-12-01  0:40:14 LOADED    Rick.and.Morty.S04E06.Never.Ricking.Morty.720p.AMZN.WEB-DL.DD+5.1.H.264-CtrlHD[eztv.io].mkv [01.12.2020]
2020-12-01  0:40:42 LOADED    EB2C358888C3C8E067B6854E5E6B0761C40D5393.meta [01.12.2020]
2020-12-01  0:41:10 CLOSED    EB2C358888C3C8E067B6854E5E6B0761C40D5393.meta [01.12.2020]
2020-12-01  0:41:10 CLOSED    EB2C358888C3C8E067B6854E5E6B0761C40D5393.meta [01.12.2020]
2020-12-01  0:41:10 LOADED    Rick.and.Morty.S04E07.WEBRip.x264-CAFFEiNE[TGx] [01.12.2020]
2020-12-01  0:43:41 LOADED    E1FCEF25AEA4D1418D9ADFB839B214299BBEAFF6.meta [01.12.2020]
2020-12-01  0:43:50 CLOSED    E1FCEF25AEA4D1418D9ADFB839B214299BBEAFF6.meta [01.12.2020]
2020-12-01  0:43:50 CLOSED    E1FCEF25AEA4D1418D9ADFB839B214299BBEAFF6.meta [01.12.2020]
2020-12-01  0:43:50 LOADED    Rick.and.Morty.S04E08.720p.WEBRip.x264-BTX[TGx] [01.12.2020]
2020-12-01  0:52:49 LOADED    D5FE5F1CDCCC835EE1A99AC0CC96C6D80930FB05.meta [01.12.2020]
2020-12-01  0:52:56 CLOSED    D5FE5F1CDCCC835EE1A99AC0CC96C6D80930FB05.meta [01.12.2020]
2020-12-01  0:52:56 CLOSED    D5FE5F1CDCCC835EE1A99AC0CC96C6D80930FB05.meta [01.12.2020]
2020-12-01  0:52:57 LOADED    Rick.and.Morty.S04E09.720p.WEBRip.x265-MiNX[TGx] [01.12.2020]
2020-12-01  0:56:10 LOADED    86E4D03DCCD08DAC518E6A3C1F72913C05FC345A.meta [01.12.2020]
2020-12-01  0:56:27 CLOSED    86E4D03DCCD08DAC518E6A3C1F72913C05FC345A.meta [01.12.2020]
2020-12-01  0:56:27 CLOSED    86E4D03DCCD08DAC518E6A3C1F72913C05FC345A.meta [01.12.2020]
2020-12-01  0:56:28 LOADED    Rick.and.Morty.S04E10.WEBRip.x264-BTX[TGx] [01.12.2020]
2020-12-01  1:05:00 Opened log file.
