2020-12-01  1:26:27 CLOSED    Rick.and.Morty.S04E04.Claw.and.Hoarder.Special.Ricktims.Morty.HDTV.x264-CRiMSON[TGx] [01.12.2020]
2020-12-01  1:26:28 COMPLETED Rick.and.Morty.S04E04.Claw.and.Hoarder.Special.Ricktims.Morty.HDTV.x264-CRiMSON[TGx] [01.12.2020]
2020-12-01  2:00:34 CLOSED    Rick.and.Morty.S04E10.WEBRip.x264-BTX[TGx] [01.12.2020]
2020-12-01  2:00:35 COMPLETED Rick.and.Morty.S04E10.WEBRip.x264-BTX[TGx] [01.12.2020]
2020-12-01  3:14:19 CLOSED    Rick.and.Morty.S04E09.720p.WEBRip.x265-MiNX[TGx] [01.12.2020]
2020-12-01  3:14:20 COMPLETED Rick.and.Morty.S04E09.720p.WEBRip.x265-MiNX[TGx] [01.12.2020]
2020-12-01  3:17:10 CLOSED    Rick.and.Morty.S04E07.WEBRip.x264-CAFFEiNE[TGx] [01.12.2020]
2020-12-01  3:17:11 COMPLETED Rick.and.Morty.S04E07.WEBRip.x264-CAFFEiNE[TGx] [01.12.2020]
2020-12-01  3:52:18 CLOSED    Rick.and.Morty.S04E06.Never.Ricking.Morty.720p.AMZN.WEB-DL.DD+5.1.H.264-CtrlHD[eztv.io].mkv [01.12.2020]
2020-12-01  3:52:19 COMPLETED Rick.and.Morty.S04E06.Never.Ricking.Morty.720p.AMZN.WEB-DL.DD+5.1.H.264-CtrlHD[eztv.io].mkv [01.12.2020]
2020-12-01  4:10:54 CLOSED    Rick.and.Morty.S04E05.720p.WEBRip.x264-TBS[TGx] [01.12.2020]
2020-12-01  4:10:56 COMPLETED Rick.and.Morty.S04E05.720p.WEBRip.x264-TBS[TGx] [01.12.2020]
2020-12-01  5:10:05 CLOSED    Rick.and.Morty.S04E08.720p.WEBRip.x264-BTX[TGx] [01.12.2020]
2020-12-01  5:10:08 COMPLETED Rick.and.Morty.S04E08.720p.WEBRip.x264-BTX[TGx] [01.12.2020]
2020-12-01  6:00:03 CLOSED    6C09A38341C16B25E023D57CA11CECDFE2E30A98.meta [01.12.2020]
2020-12-01  6:00:03 CLOSED    Rick.and.Morty.S04E04.Claw.and.Hoarder.Special.Ricktims.Morty.HDTV.x264-CRiMSON[TGx] [01.12.2020]
2020-12-01  6:00:04 CLOSED    Rick.and.Morty.S04E05.720p.WEBRip.x264-TBS[TGx] [01.12.2020]
2020-12-01  6:00:04 CLOSED    Rick.and.Morty.S04E06.Never.Ricking.Morty.720p.AMZN.WEB-DL.DD+5.1.H.264-CtrlHD[eztv.io].mkv [01.12.2020]
2020-12-01  6:00:09 CLOSED    Rick.and.Morty.S04E07.WEBRip.x264-CAFFEiNE[TGx] [01.12.2020]
2020-12-01  6:00:14 CLOSED    Rick.and.Morty.S04E08.720p.WEBRip.x264-BTX[TGx] [01.12.2020]
2020-12-01  6:00:15 CLOSED    Rick.and.Morty.S04E09.720p.WEBRip.x265-MiNX[TGx] [01.12.2020]
2020-12-01  6:00:20 CLOSED    Rick.and.Morty.S04E10.WEBRip.x264-BTX[TGx] [01.12.2020]
